<?xml version="1.0" encoding="UTF-8"?>
<!-- Generated by org.testng.reporters.JUnitReportReporter -->
<testsuite hostname="DESKTOP-2BRNHOC" failures="0" tests="1" name="testCases.billPay" time="2.596" errors="0" timestamp="2021-11-16T23:36:29 IST" skipped="0">
  <testcase classname="testCases.billPay" name="paybill" time="2.596"/>
  <system-out/>
</testsuite> <!-- testCases.billPay -->
