<?xml version="1.0" encoding="UTF-8"?>
<!-- Generated by org.testng.reporters.JUnitReportReporter -->
<testsuite hostname="DESKTOP-2BRNHOC" failures="0" tests="1" name="testCases.applyLoan" time="2.711" errors="0" timestamp="2021-11-16T23:36:29 IST" skipped="0">
  <testcase classname="testCases.applyLoan" name="applyloan" time="2.711"/>
  <system-out/>
</testsuite> <!-- testCases.applyLoan -->
