<?xml version="1.0" encoding="UTF-8"?>
<!-- Generated by org.testng.reporters.JUnitReportReporter -->
<testsuite hostname="DESKTOP-2BRNHOC" failures="0" tests="1" name="testCases.loginPage" time="4.389" errors="0" timestamp="2021-11-16T23:36:29 IST" skipped="0">
  <testcase classname="testCases.loginPage" name="verifyloginpage" time="4.389"/>
  <system-out/>
</testsuite> <!-- testCases.loginPage -->
